NOTE: NVMe not available, using GPFS fallback: /gpfs/u/scratch/PCPG/PCPGnhnx/results/tmp_job_4268889
=== np=16 | binary=conway-mpi | steps=100 | job=4268889 ===
Nodes=4 | Tasks/Node=4
Script dir: /gpfs/u/home/PCPG/PCPGnhnx/scratch/p
Input: /gpfs/u/scratch/PCPG/PCPGnhnx/results/tmp_job_4268889/board_16.bin

Rank  3 | Total:   0.9007 s | Comm:   0.0015 s (  0.2%) | Compute:   0.0259 s (  2.9%) | IO:   0.8733 s ( 97.0%)
Rank  1 | Total:   0.9007 s | Comm:   0.0015 s (  0.2%) | Compute:   0.0258 s (  2.9%) | IO:   0.8734 s ( 97.0%)
Rank  0 | Total:   0.9007 s | Comm:   0.0018 s (  0.2%) | Compute:   0.0255 s (  2.8%) | IO:   0.8734 s ( 97.0%)
Rank  2 | Total:   0.9008 s | Comm:   0.0011 s (  0.1%) | Compute:   0.0262 s (  2.9%) | IO:   0.8735 s ( 97.0%)
Rank  6 | Total:   0.9007 s | Comm:   0.0022 s (  0.2%) | Compute:   0.0252 s (  2.8%) | IO:   0.8733 s ( 97.0%)
Rank 15 | Total:   0.9007 s | Comm:   0.0015 s (  0.2%) | Compute:   0.0259 s (  2.9%) | IO:   0.8733 s ( 97.0%)
Rank 13 | Total:   0.9007 s | Comm:   0.0011 s (  0.1%) | Compute:   0.0262 s (  2.9%) | IO:   0.8733 s ( 97.0%)
Rank  4 | Total:   0.9008 s | Comm:   0.0015 s (  0.2%) | Compute:   0.0259 s (  2.9%) | IO:   0.8734 s ( 97.0%)
Rank  8 | Total:   0.9008 s | Comm:   0.0012 s (  0.1%) | Compute:   0.0261 s (  2.9%) | IO:   0.8734 s ( 97.0%)
Rank 10 | Total:   0.9008 s | Comm:   0.0013 s (  0.1%) | Compute:   0.0261 s (  2.9%) | IO:   0.8734 s ( 97.0%)
Rank 14 | Total:   0.9007 s | Comm:   0.0018 s (  0.2%) | Compute:   0.0255 s (  2.8%) | IO:   0.8734 s ( 97.0%)
Rank  7 | Total:   0.9008 s | Comm:   0.0012 s (  0.1%) | Compute:   0.0262 s (  2.9%) | IO:   0.8734 s ( 97.0%)
Rank 11 | Total:   0.9007 s | Comm:   0.0014 s (  0.2%) | Compute:   0.0259 s (  2.9%) | IO:   0.8734 s ( 97.0%)
Rank  5 | Total:   0.9008 s | Comm:   0.0014 s (  0.2%) | Compute:   0.0259 s (  2.9%) | IO:   0.8735 s ( 97.0%)
Rank  9 | Total:   0.9008 s | Comm:   0.0011 s (  0.1%) | Compute:   0.0262 s (  2.9%) | IO:   0.8735 s ( 97.0%)
Rank 12 | Total:   0.9035 s | Comm:   0.0009 s (  0.1%) | Compute:   0.0264 s (  2.9%) | IO:   0.8762 s ( 97.0%)
Done. Results in /gpfs/u/scratch/PCPG/PCPGnhnx/results/weak_mpi/np_16/results_np16.csv
