NOTE: NVMe not available, using GPFS fallback: /gpfs/u/scratch/PCPG/PCPGnhnx/results/tmp_job_4268890
=== np=25 | binary=conway-mpi | steps=100 | job=4268890 ===
Nodes=5 | Tasks/Node=5
Script dir: /gpfs/u/home/PCPG/PCPGnhnx/scratch/p
Input: /gpfs/u/scratch/PCPG/PCPGnhnx/results/tmp_job_4268890/board_25.bin

Rank  4 | Total:   1.2182 s | Comm:   0.0018 s (  0.1%) | Compute:   0.0262 s (  2.1%) | IO:   1.1902 s ( 97.7%)
Rank  0 | Total:   1.2182 s | Comm:   0.0022 s (  0.2%) | Compute:   0.0256 s (  2.1%) | IO:   1.1903 s ( 97.7%)
Rank  2 | Total:   1.2183 s | Comm:   0.0028 s (  0.2%) | Compute:   0.0251 s (  2.1%) | IO:   1.1904 s ( 97.7%)
Rank  3 | Total:   1.2182 s | Comm:   0.0019 s (  0.2%) | Compute:   0.0260 s (  2.1%) | IO:   1.1903 s ( 97.7%)
Rank  1 | Total:   1.2181 s | Comm:   0.0016 s (  0.1%) | Compute:   0.0262 s (  2.1%) | IO:   1.1904 s ( 97.7%)
Rank 24 | Total:   1.2180 s | Comm:   0.0023 s (  0.2%) | Compute:   0.0255 s (  2.1%) | IO:   1.1902 s ( 97.7%)
Rank 11 | Total:   1.2180 s | Comm:   0.0015 s (  0.1%) | Compute:   0.0263 s (  2.2%) | IO:   1.1903 s ( 97.7%)
Rank 22 | Total:   1.2180 s | Comm:   0.0025 s (  0.2%) | Compute:   0.0252 s (  2.1%) | IO:   1.1902 s ( 97.7%)
Rank 15 | Total:   1.2182 s | Comm:   0.0020 s (  0.2%) | Compute:   0.0258 s (  2.1%) | IO:   1.1903 s ( 97.7%)
Rank 10 | Total:   1.2182 s | Comm:   0.0018 s (  0.2%) | Compute:   0.0260 s (  2.1%) | IO:   1.1903 s ( 97.7%)
Rank  5 | Total:   1.2182 s | Comm:   0.0013 s (  0.1%) | Compute:   0.0265 s (  2.2%) | IO:   1.1904 s ( 97.7%)
Rank 23 | Total:   1.2181 s | Comm:   0.0015 s (  0.1%) | Compute:   0.0263 s (  2.2%) | IO:   1.1902 s ( 97.7%)
Rank 17 | Total:   1.2182 s | Comm:   0.0021 s (  0.2%) | Compute:   0.0258 s (  2.1%) | IO:   1.1903 s ( 97.7%)
Rank 12 | Total:   1.2182 s | Comm:   0.0018 s (  0.1%) | Compute:   0.0261 s (  2.1%) | IO:   1.1903 s ( 97.7%)
Rank  6 | Total:   1.2181 s | Comm:   0.0013 s (  0.1%) | Compute:   0.0265 s (  2.2%) | IO:   1.1903 s ( 97.7%)
Rank 14 | Total:   1.2182 s | Comm:   0.0017 s (  0.1%) | Compute:   0.0262 s (  2.2%) | IO:   1.1903 s ( 97.7%)
Rank  7 | Total:   1.2182 s | Comm:   0.0025 s (  0.2%) | Compute:   0.0254 s (  2.1%) | IO:   1.1904 s ( 97.7%)
Rank 21 | Total:   1.2181 s | Comm:   0.0018 s (  0.1%) | Compute:   0.0261 s (  2.1%) | IO:   1.1903 s ( 97.7%)
Rank 19 | Total:   1.2182 s | Comm:   0.0023 s (  0.2%) | Compute:   0.0257 s (  2.1%) | IO:   1.1903 s ( 97.7%)
Rank 18 | Total:   1.2182 s | Comm:   0.0018 s (  0.2%) | Compute:   0.0259 s (  2.1%) | IO:   1.1904 s ( 97.7%)
Rank 13 | Total:   1.2182 s | Comm:   0.0014 s (  0.1%) | Compute:   0.0264 s (  2.2%) | IO:   1.1904 s ( 97.7%)
Rank  9 | Total:   1.2182 s | Comm:   0.0016 s (  0.1%) | Compute:   0.0263 s (  2.2%) | IO:   1.1903 s ( 97.7%)
Rank 16 | Total:   1.2182 s | Comm:   0.0023 s (  0.2%) | Compute:   0.0256 s (  2.1%) | IO:   1.1903 s ( 97.7%)
Rank  8 | Total:   1.2183 s | Comm:   0.0021 s (  0.2%) | Compute:   0.0258 s (  2.1%) | IO:   1.1904 s ( 97.7%)
Rank 20 | Total:   1.2203 s | Comm:   0.0015 s (  0.1%) | Compute:   0.0263 s (  2.2%) | IO:   1.1925 s ( 97.7%)
Done. Results in /gpfs/u/scratch/PCPG/PCPGnhnx/results/weak_mpi/np_25/results_np25.csv
