NOTE: NVMe not available, using GPFS fallback: /gpfs/u/scratch/PCPG/PCPGnhnx/results/tmp_job_4268884
=== np=25 | binary=conway | steps=100 | job=4268884 ===
Nodes=5 | Tasks/Node=5
Script dir: /gpfs/u/home/PCPG/PCPGnhnx/scratch/p
Input: /gpfs/u/scratch/PCPG/PCPGnhnx/results/tmp_job_4268884/board_25.bin

Rank  4 | Total:   1.6192 s | Comm:   0.1004 s (  6.2%) | Compute:   0.2079 s ( 12.8%) | IO:   1.3108 s ( 81.0%)
Rank  2 | Total:   1.6192 s | Comm:   0.0364 s (  2.2%) | Compute:   0.2719 s ( 16.8%) | IO:   1.3108 s ( 81.0%)
Rank  0 | Total:   1.6192 s | Comm:   0.2965 s ( 18.3%) | Compute:   0.0118 s (  0.7%) | IO:   1.3109 s ( 81.0%)
Rank  3 | Total:   1.6191 s | Comm:   0.0329 s (  2.0%) | Compute:   0.2753 s ( 17.0%) | IO:   1.3109 s ( 81.0%)
Rank  5 | Total:   1.6190 s | Comm:   0.2964 s ( 18.3%) | Compute:   0.0118 s (  0.7%) | IO:   1.3107 s ( 81.0%)
Rank  1 | Total:   1.6192 s | Comm:   0.0338 s (  2.1%) | Compute:   0.2744 s ( 16.9%) | IO:   1.3110 s ( 81.0%)
Rank  7 | Total:   1.6191 s | Comm:   0.0507 s (  3.1%) | Compute:   0.2575 s ( 15.9%) | IO:   1.3108 s ( 81.0%)
Rank 14 | Total:   1.6190 s | Comm:   0.0215 s (  1.3%) | Compute:   0.2867 s ( 17.7%) | IO:   1.3107 s ( 81.0%)
Rank 20 | Total:   1.6190 s | Comm:   0.2966 s ( 18.3%) | Compute:   0.0117 s (  0.7%) | IO:   1.3107 s ( 81.0%)
Rank 11 | Total:   1.6190 s | Comm:   0.0186 s (  1.1%) | Compute:   0.2896 s ( 17.9%) | IO:   1.3108 s ( 81.0%)
Rank 21 | Total:   1.6190 s | Comm:   0.0066 s (  0.4%) | Compute:   0.3017 s ( 18.6%) | IO:   1.3108 s ( 81.0%)
Rank 17 | Total:   1.6191 s | Comm:   0.0231 s (  1.4%) | Compute:   0.2852 s ( 17.6%) | IO:   1.3108 s ( 81.0%)
Rank  6 | Total:   1.6190 s | Comm:   0.0239 s (  1.5%) | Compute:   0.2844 s ( 17.6%) | IO:   1.3108 s ( 81.0%)
Rank 13 | Total:   1.6190 s | Comm:   0.0191 s (  1.2%) | Compute:   0.2891 s ( 17.9%) | IO:   1.3108 s ( 81.0%)
Rank 22 | Total:   1.6190 s | Comm:   0.0103 s (  0.6%) | Compute:   0.2980 s ( 18.4%) | IO:   1.3107 s ( 81.0%)
Rank 19 | Total:   1.6191 s | Comm:   0.1132 s (  7.0%) | Compute:   0.1950 s ( 12.0%) | IO:   1.3108 s ( 81.0%)
Rank  8 | Total:   1.6191 s | Comm:   0.0495 s (  3.1%) | Compute:   0.2587 s ( 16.0%) | IO:   1.3108 s ( 81.0%)
Rank 10 | Total:   1.6191 s | Comm:   0.2966 s ( 18.3%) | Compute:   0.0117 s (  0.7%) | IO:   1.3108 s ( 81.0%)
Rank 24 | Total:   1.6190 s | Comm:   0.0099 s (  0.6%) | Compute:   0.2983 s ( 18.4%) | IO:   1.3108 s ( 81.0%)
Rank 15 | Total:   1.6191 s | Comm:   0.2962 s ( 18.3%) | Compute:   0.0121 s (  0.7%) | IO:   1.3108 s ( 81.0%)
Rank  9 | Total:   1.6192 s | Comm:   0.0262 s (  1.6%) | Compute:   0.2821 s ( 17.4%) | IO:   1.3109 s ( 81.0%)
Rank 23 | Total:   1.6191 s | Comm:   0.0083 s (  0.5%) | Compute:   0.2999 s ( 18.5%) | IO:   1.3109 s ( 81.0%)
Rank 16 | Total:   1.6190 s | Comm:   0.0202 s (  1.2%) | Compute:   0.2880 s ( 17.8%) | IO:   1.3108 s ( 81.0%)
Rank 18 | Total:   1.6192 s | Comm:   0.0208 s (  1.3%) | Compute:   0.2875 s ( 17.8%) | IO:   1.3109 s ( 81.0%)
Rank 12 | Total:   1.6236 s | Comm:   0.1091 s (  6.7%) | Compute:   0.1991 s ( 12.3%) | IO:   1.3154 s ( 81.0%)
Done. Results in /gpfs/u/scratch/PCPG/PCPGnhnx/results/weak_cuda/np_25/results_np25.csv
