NOTE: NVMe not available, using GPFS fallback: /gpfs/u/scratch/PCPG/PCPGnhnx/results/tmp_job_4268928
=== np=16 | binary=conway | steps=100 | job=4268928 ===
Nodes=4 | Tasks/Node=4
Script dir: /gpfs/u/home/PCPG/PCPGnhnx/scratch/p
Input: /gpfs/u/scratch/PCPG/PCPGnhnx/results/tmp_job_4268928/board_strong.bin

Rank  1 | Total:   1.6902 s | Comm:   0.0219 s (  1.3%) | Compute:   0.2478 s ( 14.7%) | IO:   1.4205 s ( 84.0%)
Rank  2 | Total:   1.6901 s | Comm:   0.0405 s (  2.4%) | Compute:   0.2292 s ( 13.6%) | IO:   1.4205 s ( 84.0%)
Rank  3 | Total:   1.6902 s | Comm:   0.0401 s (  2.4%) | Compute:   0.2296 s ( 13.6%) | IO:   1.4205 s ( 84.0%)
Rank 10 | Total:   1.6901 s | Comm:   0.0928 s (  5.5%) | Compute:   0.1769 s ( 10.5%) | IO:   1.4205 s ( 84.0%)
Rank 13 | Total:   1.6902 s | Comm:   0.0157 s (  0.9%) | Compute:   0.2541 s ( 15.0%) | IO:   1.4204 s ( 84.0%)
Rank  8 | Total:   1.6902 s | Comm:   0.2576 s ( 15.2%) | Compute:   0.0121 s (  0.7%) | IO:   1.4205 s ( 84.0%)
Rank  7 | Total:   1.6902 s | Comm:   0.0091 s (  0.5%) | Compute:   0.2605 s ( 15.4%) | IO:   1.4206 s ( 84.0%)
Rank  9 | Total:   1.6903 s | Comm:   0.0274 s (  1.6%) | Compute:   0.2423 s ( 14.3%) | IO:   1.4206 s ( 84.0%)
Rank 14 | Total:   1.6902 s | Comm:   0.0174 s (  1.0%) | Compute:   0.2523 s ( 14.9%) | IO:   1.4205 s ( 84.0%)
Rank 11 | Total:   1.6902 s | Comm:   0.0465 s (  2.7%) | Compute:   0.2232 s ( 13.2%) | IO:   1.4205 s ( 84.0%)
Rank 15 | Total:   1.6903 s | Comm:   0.0148 s (  0.9%) | Compute:   0.2548 s ( 15.1%) | IO:   1.4206 s ( 84.0%)
Rank  4 | Total:   1.6903 s | Comm:   0.2576 s ( 15.2%) | Compute:   0.0122 s (  0.7%) | IO:   1.4205 s ( 84.0%)
Rank 12 | Total:   1.6903 s | Comm:   0.2582 s ( 15.3%) | Compute:   0.0115 s (  0.7%) | IO:   1.4205 s ( 84.0%)
Rank  6 | Total:   1.6903 s | Comm:   0.0183 s (  1.1%) | Compute:   0.2514 s ( 14.9%) | IO:   1.4205 s ( 84.0%)
Rank  5 | Total:   1.6904 s | Comm:   0.0104 s (  0.6%) | Compute:   0.2593 s ( 15.3%) | IO:   1.4206 s ( 84.0%)
Rank  0 | Total:   1.6940 s | Comm:   0.2582 s ( 15.2%) | Compute:   0.0115 s (  0.7%) | IO:   1.4243 s ( 84.1%)
Done. Results in /gpfs/u/scratch/PCPG/PCPGnhnx/results/strong_cuda/np_16/results_np16.csv
