NOTE: NVMe not available, using GPFS fallback: /gpfs/u/scratch/PCPG/PCPGnhnx/results/tmp_job_4268871
=== np=16 | binary=conway | steps=100 | job=4268871 ===
Nodes=4 | Tasks/Node=4
Script dir: /gpfs/u/home/PCPG/PCPGnhnx/scratch/p
Input: /gpfs/u/scratch/PCPG/PCPGnhnx/results/tmp_job_4268871/board_strong.bin

[dcs213:122788] *** Process received signal ***
[dcs213:122788] Signal: Segmentation fault (11)
[dcs213:122788] Signal code: Address not mapped (1)
[dcs213:122788] Failing at address: 0x1c8
[dcs213:122788] [ 0] linux-vdso64.so.1(__kernel_sigtramp_rt64+0x0)[0x7fffaa0a04d8]
[dcs213:122788] [dcs213:122789] *** Process received signal ***
[dcs213:122789] Signal: Segmentation fault (11)
[dcs213:122789] Signal code: Address not mapped (1)
[dcs213:122789] Failing at address: 0x1c8
[dcs213:122789] [ 0] linux-vdso64.so.1(__kernel_sigtramp_rt64+0x0)[0x7fff8a8d04d8]
[dcs213:122789] [ 1] [dcs213:122790] *** Process received signal ***
[dcs213:122790] Signal: Segmentation fault (11)
[dcs213:122790] Signal code: Address not mapped (1)
[dcs213:122790] Failing at address: 0x1c8
[dcs213:122790] [ 0] linux-vdso64.so.1(__kernel_sigtramp_rt64+0x0)[0x7fff8b8d04d8]
[dcs213:122790] [ 1] [ 1] ./conway[0x10001bb0]
[dcs213:122788] [ 2] /lib64/power9/libc.so.6(+0x241e8)[0x7fffa97e41e8]
[dcs213:122788] [ 3] /lib64/power9/libc.so.6(+0xb4ad4)[0x7fff8a0a4ad4]
[dcs213:122789] [ 2] /lib64/power9/libc.so.6(+0xb4ad4)[0x7fff8b0a4ad4]
[dcs213:122790] [ 2] /lib64/power9/libc.so.6(+0x241e8)[0x7fff8b0141e8]
[dcs213:122790] [ 3] /lib64/power9/libc.so.6(__libc_start_main+0xb4)[0x7fffa97e43d4]
[dcs213:122788] *** End of error message ***
/lib64/power9/libc.so.6(+0x241e8)[0x7fff8a0141e8]
[dcs213:122789] [ 3] /lib64/power9/libc.so.6(__libc_start_main+0xb4)[0x7fff8a0143d4]
[dcs213:122789] *** End of error message ***
/lib64/power9/libc.so.6(__libc_start_main+0xb4)[0x7fff8b0143d4]
[dcs213:122790] *** End of error message ***
--------------------------------------------------------------------------
Primary job  terminated normally, but 1 process returned
a non-zero exit code. Per user-direction, the job has been aborted.
--------------------------------------------------------------------------
--------------------------------------------------------------------------
mpirun noticed that process rank 1 with PID 0 on node dcs213 exited on signal 11 (Segmentation fault).
--------------------------------------------------------------------------
Done. Results in /gpfs/u/scratch/PCPG/PCPGnhnx/results/strong_cuda/np_16/results_np16.csv
