NOTE: NVMe not available, using GPFS fallback: /gpfs/u/scratch/PCPG/PCPGnhnx/results/tmp_job_4268872
=== np=25 | binary=conway | steps=100 | job=4268872 ===
Nodes=5 | Tasks/Node=5
Script dir: /gpfs/u/home/PCPG/PCPGnhnx/scratch/p
Input: /gpfs/u/scratch/PCPG/PCPGnhnx/results/tmp_job_4268872/board_strong.bin

slurmstepd: error: Prolog hung on node dcs195
slurmstepd: error: Prolog hung on node dcs197
Rank  4 | Total:   1.8980 s | Comm:   0.0641 s (  3.4%) | Compute:   0.2601 s ( 13.7%) | IO:   1.5737 s ( 82.9%)
Rank  1 | Total:   1.8980 s | Comm:   0.1307 s (  6.9%) | Compute:   0.1933 s ( 10.2%) | IO:   1.5740 s ( 82.9%)
Rank 24 | Total:   1.8979 s | Comm:   0.0562 s (  3.0%) | Compute:   0.2680 s ( 14.1%) | IO:   1.5737 s ( 82.9%)
Rank  0 | Total:   1.8981 s | Comm:   0.3088 s ( 16.3%) | Compute:   0.0153 s (  0.8%) | IO:   1.5740 s ( 82.9%)
Rank  2 | Total:   1.8981 s | Comm:   0.0706 s (  3.7%) | Compute:   0.2535 s ( 13.4%) | IO:   1.5740 s ( 82.9%)
Rank 20 | Total:   1.8980 s | Comm:   0.3084 s ( 16.2%) | Compute:   0.0158 s (  0.8%) | IO:   1.5739 s ( 82.9%)
Rank  3 | Total:   1.8981 s | Comm:   0.0713 s (  3.8%) | Compute:   0.2528 s ( 13.3%) | IO:   1.5740 s ( 82.9%)
Rank 19 | Total:   1.8981 s | Comm:   0.1086 s (  5.7%) | Compute:   0.2157 s ( 11.4%) | IO:   1.5738 s ( 82.9%)
Rank 22 | Total:   1.8980 s | Comm:   0.1548 s (  8.2%) | Compute:   0.1694 s (  8.9%) | IO:   1.5738 s ( 82.9%)
Rank  5 | Total:   1.8980 s | Comm:   0.3088 s ( 16.3%) | Compute:   0.0154 s (  0.8%) | IO:   1.5739 s ( 82.9%)
Rank 15 | Total:   1.8981 s | Comm:   0.3086 s ( 16.3%) | Compute:   0.0156 s (  0.8%) | IO:   1.5739 s ( 82.9%)
Rank 21 | Total:   1.8980 s | Comm:   0.0569 s (  3.0%) | Compute:   0.2673 s ( 14.1%) | IO:   1.5738 s ( 82.9%)
Rank 14 | Total:   1.8980 s | Comm:   0.0241 s (  1.3%) | Compute:   0.3001 s ( 15.8%) | IO:   1.5739 s ( 82.9%)
Rank  7 | Total:   1.8979 s | Comm:   0.0306 s (  1.6%) | Compute:   0.2934 s ( 15.5%) | IO:   1.5739 s ( 82.9%)
Rank 17 | Total:   1.8981 s | Comm:   0.0717 s (  3.8%) | Compute:   0.2525 s ( 13.3%) | IO:   1.5739 s ( 82.9%)
Rank 23 | Total:   1.8980 s | Comm:   0.0560 s (  3.0%) | Compute:   0.2681 s ( 14.1%) | IO:   1.5739 s ( 82.9%)
Rank 10 | Total:   1.8980 s | Comm:   0.3086 s ( 16.3%) | Compute:   0.0156 s (  0.8%) | IO:   1.5738 s ( 82.9%)
Rank  8 | Total:   1.8979 s | Comm:   0.0146 s (  0.8%) | Compute:   0.3095 s ( 16.3%) | IO:   1.5739 s ( 82.9%)
Rank 16 | Total:   1.8980 s | Comm:   0.1151 s (  6.1%) | Compute:   0.2089 s ( 11.0%) | IO:   1.5740 s ( 82.9%)
Rank 12 | Total:   1.8981 s | Comm:   0.0416 s (  2.2%) | Compute:   0.2825 s ( 14.9%) | IO:   1.5740 s ( 82.9%)
Rank  9 | Total:   1.8980 s | Comm:   0.0239 s (  1.3%) | Compute:   0.3003 s ( 15.8%) | IO:   1.5738 s ( 82.9%)
Rank 13 | Total:   1.8980 s | Comm:   0.0296 s (  1.6%) | Compute:   0.2945 s ( 15.5%) | IO:   1.5740 s ( 82.9%)
Rank  6 | Total:   1.8980 s | Comm:   0.0287 s (  1.5%) | Compute:   0.2953 s ( 15.6%) | IO:   1.5740 s ( 82.9%)
Rank 11 | Total:   1.8981 s | Comm:   0.0288 s (  1.5%) | Compute:   0.2952 s ( 15.6%) | IO:   1.5741 s ( 82.9%)
Rank 18 | Total:   1.9020 s | Comm:   0.0718 s (  3.8%) | Compute:   0.2523 s ( 13.3%) | IO:   1.5779 s ( 83.0%)
Done. Results in /gpfs/u/scratch/PCPG/PCPGnhnx/results/strong_cuda/np_25/results_np25.csv
