NOTE: NVMe not available, using GPFS fallback: /gpfs/u/scratch/PCPG/PCPGnhnx/results/tmp_job_4268873
=== np=36 | binary=conway | steps=100 | job=4268873 ===
Nodes=6 | Tasks/Node=6
Script dir: /gpfs/u/home/PCPG/PCPGnhnx/scratch/p
Input: /gpfs/u/scratch/PCPG/PCPGnhnx/results/tmp_job_4268873/board_strong.bin

Rank  1 | Total:   2.0914 s | Comm:   0.0410 s (  2.0%) | Compute:   0.3342 s ( 16.0%) | IO:   1.7162 s ( 82.1%)
Rank  3 | Total:   2.0914 s | Comm:   0.0714 s (  3.4%) | Compute:   0.3039 s ( 14.5%) | IO:   1.7162 s ( 82.1%)
Rank  4 | Total:   2.0915 s | Comm:   0.0820 s (  3.9%) | Compute:   0.2932 s ( 14.0%) | IO:   1.7162 s ( 82.1%)
Rank  2 | Total:   2.0915 s | Comm:   0.0951 s (  4.5%) | Compute:   0.2802 s ( 13.4%) | IO:   1.7163 s ( 82.1%)
Rank  0 | Total:   2.0915 s | Comm:   0.3551 s ( 17.0%) | Compute:   0.0201 s (  1.0%) | IO:   1.7163 s ( 82.1%)
Rank 24 | Total:   2.0912 s | Comm:   0.3631 s ( 17.4%) | Compute:   0.0121 s (  0.6%) | IO:   1.7160 s ( 82.1%)
Rank 21 | Total:   2.0912 s | Comm:   0.0208 s (  1.0%) | Compute:   0.3545 s ( 17.0%) | IO:   1.7160 s ( 82.1%)
Rank 10 | Total:   2.0913 s | Comm:   0.1630 s (  7.8%) | Compute:   0.2122 s ( 10.1%) | IO:   1.7161 s ( 82.1%)
Rank 17 | Total:   2.0913 s | Comm:   0.0566 s (  2.7%) | Compute:   0.3186 s ( 15.2%) | IO:   1.7161 s ( 82.1%)
Rank 26 | Total:   2.0912 s | Comm:   0.0185 s (  0.9%) | Compute:   0.3568 s ( 17.1%) | IO:   1.7160 s ( 82.1%)
Rank 34 | Total:   2.0914 s | Comm:   0.0346 s (  1.7%) | Compute:   0.3407 s ( 16.3%) | IO:   1.7161 s ( 82.1%)
Rank 22 | Total:   2.0913 s | Comm:   0.0204 s (  1.0%) | Compute:   0.3548 s ( 17.0%) | IO:   1.7161 s ( 82.1%)
Rank  6 | Total:   2.0913 s | Comm:   0.3645 s ( 17.4%) | Compute:   0.0106 s (  0.5%) | IO:   1.7162 s ( 82.1%)
Rank  7 | Total:   2.0914 s | Comm:   0.0631 s (  3.0%) | Compute:   0.3122 s ( 14.9%) | IO:   1.7161 s ( 82.1%)
Rank 15 | Total:   2.0913 s | Comm:   0.1315 s (  6.3%) | Compute:   0.2436 s ( 11.7%) | IO:   1.7162 s ( 82.1%)
Rank 28 | Total:   2.0914 s | Comm:   0.0217 s (  1.0%) | Compute:   0.3536 s ( 16.9%) | IO:   1.7160 s ( 82.1%)
Rank 35 | Total:   2.0912 s | Comm:   0.0341 s (  1.6%) | Compute:   0.3409 s ( 16.3%) | IO:   1.7162 s ( 82.1%)
Rank 18 | Total:   2.0913 s | Comm:   0.3628 s ( 17.3%) | Compute:   0.0124 s (  0.6%) | IO:   1.7161 s ( 82.1%)
Rank 14 | Total:   2.0915 s | Comm:   0.1360 s (  6.5%) | Compute:   0.2392 s ( 11.4%) | IO:   1.7162 s ( 82.1%)
Rank 29 | Total:   2.0914 s | Comm:   0.0167 s (  0.8%) | Compute:   0.3584 s ( 17.1%) | IO:   1.7162 s ( 82.1%)
Rank 30 | Total:   2.0914 s | Comm:   0.3645 s ( 17.4%) | Compute:   0.0107 s (  0.5%) | IO:   1.7162 s ( 82.1%)
Rank 19 | Total:   2.0912 s | Comm:   0.0174 s (  0.8%) | Compute:   0.3578 s ( 17.1%) | IO:   1.7161 s ( 82.1%)
Rank  8 | Total:   2.0914 s | Comm:   0.0633 s (  3.0%) | Compute:   0.3119 s ( 14.9%) | IO:   1.7162 s ( 82.1%)
Rank 16 | Total:   2.0915 s | Comm:   0.0558 s (  2.7%) | Compute:   0.3194 s ( 15.3%) | IO:   1.7163 s ( 82.1%)
Rank 25 | Total:   2.0913 s | Comm:   0.0171 s (  0.8%) | Compute:   0.3581 s ( 17.1%) | IO:   1.7161 s ( 82.1%)
Rank 32 | Total:   2.0914 s | Comm:   0.0373 s (  1.8%) | Compute:   0.3379 s ( 16.2%) | IO:   1.7162 s ( 82.1%)
Rank 20 | Total:   2.0913 s | Comm:   0.0188 s (  0.9%) | Compute:   0.3564 s ( 17.0%) | IO:   1.7160 s ( 82.1%)
Rank  9 | Total:   2.0914 s | Comm:   0.0650 s (  3.1%) | Compute:   0.3103 s ( 14.8%) | IO:   1.7162 s ( 82.1%)
Rank 11 | Total:   2.0915 s | Comm:   0.0636 s (  3.0%) | Compute:   0.3116 s ( 14.9%) | IO:   1.7164 s ( 82.1%)
Rank 12 | Total:   2.0915 s | Comm:   0.3641 s ( 17.4%) | Compute:   0.0112 s (  0.5%) | IO:   1.7162 s ( 82.1%)
Rank 27 | Total:   2.0914 s | Comm:   0.0200 s (  1.0%) | Compute:   0.3553 s ( 17.0%) | IO:   1.7162 s ( 82.1%)
Rank 33 | Total:   2.0914 s | Comm:   0.1335 s (  6.4%) | Compute:   0.2418 s ( 11.6%) | IO:   1.7162 s ( 82.1%)
Rank 23 | Total:   2.0914 s | Comm:   0.0187 s (  0.9%) | Compute:   0.3565 s ( 17.0%) | IO:   1.7163 s ( 82.1%)
Rank 13 | Total:   2.0915 s | Comm:   0.0545 s (  2.6%) | Compute:   0.3207 s ( 15.3%) | IO:   1.7163 s ( 82.1%)
Rank 31 | Total:   2.0915 s | Comm:   0.0360 s (  1.7%) | Compute:   0.3392 s ( 16.2%) | IO:   1.7163 s ( 82.1%)
Rank  5 | Total:   2.0957 s | Comm:   0.0733 s (  3.5%) | Compute:   0.3019 s ( 14.4%) | IO:   1.7205 s ( 82.1%)
Done. Results in /gpfs/u/scratch/PCPG/PCPGnhnx/results/strong_cuda/np_36/results_np36.csv
